<?xml version="1.0" encoding="UTF-8"?>
<!-- Generated by org.testng.reporters.JUnitXMLReporter -->
<testsuite hostname="DESKTOP-7L6771B" ignored="0" name="Test" tests="4" failures="1" timestamp="2020-04-17T19:50:00 IST" time="139.802" errors="0">
  <testcase name="loginPageTest" time="37.952" classname="rediffTest.loginTest"/>
  <testcase name="multipleLoginTest" time="30.623" classname="rediffTest.loginWithMultipleDataTest"/>
  <testcase name="multipleLoginTest" time="36.92" classname="rediffTest.loginWithMultipleDataTest"/>
  <testcase name="navbarTest" time="26.476" classname="rediffTest.RediffNavbarTest">
    <failure type="java.lang.AssertionError" message="expected [false] but found [true]">
      <![CDATA[java.lang.AssertionError: expected [false] but found [true]
at rediffTest.RediffNavbarTest.navbarTest(RediffNavbarTest.java:28)
at java.util.ArrayList.forEach(ArrayList.java:1257)
... Removed 35 stack frames]]>
    </failure>
  </testcase> <!-- navbarTest -->
</testsuite> <!-- Test -->
