<?xml version="1.0" encoding="UTF-8"?>
<testsuite xmlns:xsi="http://www.w3.org/2001/XMLSchema-instance" xsi:noNamespaceSchemaLocation="https://maven.apache.org/surefire/maven-surefire-plugin/xsd/surefire-test-report-3.0.xsd" version="3.0" name="TestSuite" time="513.481" tests="5" errors="0" skipped="0" failures="2">
  <properties>
[...]
</properties>
  <testcase name="loginPageTest" classname="rediffTest.loginTest" time="174.441"/>
  <testcase name="closeBrowser" classname="rediffTest.loginTest" time="176.775">
    <failure message="invalid session id&#10;Build info: version: &apos;3.141.59&apos;, revision: &apos;e82be7d358&apos;, time: &apos;2018-11-14T08:17:03&apos;&#10;System info: host: &apos;DESKTOP-7L6771B&apos;, ip: &apos;192.168.43.46&apos;, os.name: &apos;Windows 10&apos;, os.arch: &apos;amd64&apos;, os.version: &apos;10.0&apos;, java.version: &apos;1.8.0_241&apos;&#10;Driver info: org.openqa.selenium.chrome.ChromeDriver&#10;Capabilities {acceptInsecureCerts: false, browserName: chrome, browserVersion: 80.0.3987.149, chrome: {chromedriverVersion: 80.0.3987.106 (f68069574609..., userDataDir: C:\Users\balaj\AppData\Loca...}, goog:chromeOptions: {debuggerAddress: localhost:61466}, javascriptEnabled: true, networkConnectionEnabled: false, pageLoadStrategy: normal, platform: WINDOWS, platformName: WINDOWS, proxy: Proxy(), setWindowRect: true, strictFileInteractability: false, timeouts: {implicit: 0, pageLoad: 300000, script: 30000}, unhandledPromptBehavior: dismiss and notify}&#10;Session ID: 185319577b92338e6e08810aa318c1e2" type="org.openqa.selenium.NoSuchSessionException"><![CDATA[org.openqa.selenium.NoSuchSessionException: 
invalid session id
Build info: version: '3.141.59', revision: 'e82be7d358', time: '2018-11-14T08:17:03'
System info: host: 'DESKTOP-7L6771B', ip: '192.168.43.46', os.name: 'Windows 10', os.arch: 'amd64', os.version: '10.0', java.version: '1.8.0_241'
Driver info: org.openqa.selenium.chrome.ChromeDriver
Capabilities {acceptInsecureCerts: false, browserName: chrome, browserVersion: 80.0.3987.149, chrome: {chromedriverVersion: 80.0.3987.106 (f68069574609..., userDataDir: C:\Users\balaj\AppData\Loca...}, goog:chromeOptions: {debuggerAddress: localhost:61466}, javascriptEnabled: true, networkConnectionEnabled: false, pageLoadStrategy: normal, platform: WINDOWS, platformName: WINDOWS, proxy: Proxy(), setWindowRect: true, strictFileInteractability: false, timeouts: {implicit: 0, pageLoad: 300000, script: 30000}, unhandledPromptBehavior: dismiss and notify}
Session ID: 185319577b92338e6e08810aa318c1e2
	at rediffTest.loginTest.closeBrowser(loginTest.java:50)
]]></failure>
  </testcase>
  <testcase name="loginPageTest" classname="rediffTest.RediffNavbarTest" time="60.783">
    <failure message="expected [false] but found [true]" type="java.lang.AssertionError"><![CDATA[java.lang.AssertionError: expected [false] but found [true]
	at rediffTest.RediffNavbarTest.loginPageTest(RediffNavbarTest.java:28)
]]></failure>
    <system-err><![CDATA[Starting ChromeDriver 80.0.3987.106 (f68069574609230cf9b635cd784cfb1bf81bb53a-refs/branch-heads/3987@{#882}) on port 20273
Only local connections are allowed.
Please protect ports used by ChromeDriver and related test frameworks to prevent access by malicious code.
[1585576601.939][WARNING]: Timed out connecting to Chrome, retrying...
Mar 30, 2020 7:26:44 PM org.openqa.selenium.remote.ProtocolHandshake createSession
INFO: Detected dialect: W3C
[1585576606.043][WARNING]: Timed out connecting to Chrome, retrying...
[1585576616.462][SEVERE]: Timed out receiving message from renderer: 0.100
[1585576616.584][SEVERE]: Timed out receiving message from renderer: 0.100
[1585576616.689][SEVERE]: Timed out receiving message from renderer: 0.100
[1585576616.792][SEVERE]: Timed out receiving message from renderer: 0.100
[1585576616.898][SEVERE]: Timed out receiving message from renderer: 0.100
[1585576617.001][SEVERE]: Timed out receiving message from renderer: 0.100
[1585576617.107][SEVERE]: Timed out receiving message from renderer: 0.100
[1585576617.210][SEVERE]: Timed out receiving message from renderer: 0.100
[1585576617.314][SEVERE]: Timed out receiving message from renderer: 0.100
[1585576617.418][SEVERE]: Timed out receiving message from renderer: 0.100
[1585576617.523][SEVERE]: Timed out receiving message from renderer: 0.100
[1585576617.625][SEVERE]: Timed out receiving message from renderer: 0.100
[1585576617.731][SEVERE]: Timed out receiving message from renderer: 0.100
[1585576617.833][SEVERE]: Timed out receiving message from renderer: 0.100
[1585576617.937][SEVERE]: Timed out receiving message from renderer: 0.100
[1585576618.043][SEVERE]: Timed out receiving message from renderer: 0.100
[1585576618.147][SEVERE]: Timed out receiving message from renderer: 0.100
[1585576618.250][SEVERE]: Timed out receiving message from renderer: 0.100
[1585576618.354][SEVERE]: Timed out receiving message from renderer: 0.100
[1585576618.459][SEVERE]: Timed out receiving message from renderer: 0.100
[1585576618.564][SEVERE]: Timed out receiving message from renderer: 0.100
[1585576618.666][SEVERE]: Timed out receiving message from renderer: 0.100
[1585576618.768][SEVERE]: Timed out receiving message from renderer: 0.100
[1585576618.876][SEVERE]: Timed out receiving message from renderer: 0.100
[1585576618.982][SEVERE]: Timed out receiving message from renderer: 0.100
[1585576619.084][SEVERE]: Timed out receiving message from renderer: 0.100
[1585576619.188][SEVERE]: Timed out receiving message from renderer: 0.100
[1585576619.292][SEVERE]: Timed out receiving message from renderer: 0.100
[1585576619.395][SEVERE]: Timed out receiving message from renderer: 0.100
[1585576619.498][SEVERE]: Timed out receiving message from renderer: 0.100
[1585576619.600][SEVERE]: Timed out receiving message from renderer: 0.100
[1585576619.704][SEVERE]: Timed out receiving message from renderer: 0.100
[1585576619.807][SEVERE]: Timed out receiving message from renderer: 0.100
[1585576619.912][SEVERE]: Timed out receiving message from renderer: 0.100
[1585576620.014][SEVERE]: Timed out receiving message from renderer: 0.100
[1585576620.127][SEVERE]: Timed out receiving message from renderer: 0.100
[1585576620.230][SEVERE]: Timed out receiving message from renderer: 0.100
[1585576620.334][SEVERE]: Timed out receiving message from renderer: 0.100
[1585576620.439][SEVERE]: Timed out receiving message from renderer: 0.100
[1585576620.542][SEVERE]: Timed out receiving message from renderer: 0.100
[1585576620.649][SEVERE]: Timed out receiving message from renderer: 0.100
[1585576620.756][SEVERE]: Timed out receiving message from renderer: 0.100
[1585576620.860][SEVERE]: Timed out receiving message from renderer: 0.100
[1585576620.971][SEVERE]: Timed out receiving message from renderer: 0.100
[1585576621.076][SEVERE]: Timed out receiving message from renderer: 0.100
[1585576621.182][SEVERE]: Timed out receiving message from renderer: 0.100
[1585576621.285][SEVERE]: Timed out receiving message from renderer: 0.100
[1585576621.397][SEVERE]: Timed out receiving message from renderer: 0.100
[1585576621.507][SEVERE]: Timed out receiving message from renderer: 0.100
[1585576621.613][SEVERE]: Timed out receiving message from renderer: 0.100
[1585576621.717][SEVERE]: Timed out receiving message from renderer: 0.100
[1585576621.823][SEVERE]: Timed out receiving message from renderer: 0.100
[1585576621.926][SEVERE]: Timed out receiving message from renderer: 0.100
[1585576622.035][SEVERE]: Timed out receiving message from renderer: 0.100
[1585576622.145][SEVERE]: Timed out receiving message from renderer: 0.100
[1585576622.861][SEVERE]: Timed out receiving message from renderer: 0.100
[1585576623.074][SEVERE]: Timed out receiving message from renderer: 0.100
[1585576623.179][SEVERE]: Timed out receiving message from renderer: 0.100
[1585576623.283][SEVERE]: Timed out receiving message from renderer: 0.100
[1585576623.388][SEVERE]: Timed out receiving message from renderer: 0.100
[1585576623.493][SEVERE]: Timed out receiving message from renderer: 0.100
[1585576623.596][SEVERE]: Timed out receiving message from renderer: 0.100
[1585576623.706][SEVERE]: Timed out receiving message from renderer: 0.100
[1585576623.809][SEVERE]: Timed out receiving message from renderer: 0.100
[1585576623.912][SEVERE]: Timed out receiving message from renderer: 0.100
[1585576624.028][SEVERE]: Timed out receiving message from renderer: 0.100
[1585576624.164][SEVERE]: Timed out receiving message from renderer: 0.100
[1585576624.343][SEVERE]: Timed out receiving message from renderer: 0.100
[1585576624.527][SEVERE]: Timed out receiving message from renderer: 0.100
[1585576624.658][SEVERE]: Timed out receiving message from renderer: 0.100
[1585576624.768][SEVERE]: Timed out receiving message from renderer: 0.100
[1585576624.885][SEVERE]: Timed out receiving message from renderer: 0.100
[1585576625.007][SEVERE]: Timed out receiving message from renderer: 0.100
[1585576625.116][SEVERE]: Timed out receiving message from renderer: 0.100
[1585576625.244][SEVERE]: Timed out receiving message from renderer: 0.100
[1585576625.347][SEVERE]: Timed out receiving message from renderer: 0.100
[1585576625.725][SEVERE]: Timed out receiving message from renderer: 0.100
[1585576625.833][SEVERE]: Timed out receiving message from renderer: 0.100
[1585576625.935][SEVERE]: Timed out receiving message from renderer: 0.100
[1585576626.037][SEVERE]: Timed out receiving message from renderer: 0.100
[1585576626.151][SEVERE]: Timed out receiving message from renderer: 0.100
[1585576626.254][SEVERE]: Timed out receiving message from renderer: 0.100
[1585576626.370][SEVERE]: Timed out receiving message from renderer: 0.100
[1585576626.477][SEVERE]: Timed out receiving message from renderer: 0.100
[1585576626.582][SEVERE]: Timed out receiving message from renderer: 0.100
[1585576626.687][SEVERE]: Timed out receiving message from renderer: 0.100
[1585576626.792][SEVERE]: Timed out receiving message from renderer: 0.100
[1585576626.897][SEVERE]: Timed out receiving message from renderer: 0.100
[1585576627.000][SEVERE]: Timed out receiving message from renderer: 0.100
[1585576627.103][SEVERE]: Timed out receiving message from renderer: 0.100
[1585576627.209][SEVERE]: Timed out receiving message from renderer: 0.100
[1585576627.311][SEVERE]: Timed out receiving message from renderer: 0.100
[1585576627.415][SEVERE]: Timed out receiving message from renderer: 0.100
[1585576627.517][SEVERE]: Timed out receiving message from renderer: 0.100
[1585576627.619][SEVERE]: Timed out receiving message from renderer: 0.100
[1585576627.725][SEVERE]: Timed out receiving message from renderer: 0.100
[1585576627.829][SEVERE]: Timed out receiving message from renderer: 0.100
[1585576627.932][SEVERE]: Timed out receiving message from renderer: 0.100
[1585576628.035][SEVERE]: Timed out receiving message from renderer: 0.100
[1585576628.143][SEVERE]: Timed out receiving message from renderer: 0.100
[1585576628.248][SEVERE]: Timed out receiving message from renderer: 0.100
[1585576628.354][SEVERE]: Timed out receiving message from renderer: 0.100
[1585576628.464][SEVERE]: Timed out receiving message from renderer: 0.100
[1585576628.572][SEVERE]: Timed out receiving message from renderer: 0.100
[1585576628.678][SEVERE]: Timed out receiving message from renderer: 0.100
[1585576628.781][SEVERE]: Timed out receiving message from renderer: 0.100
[1585576628.886][SEVERE]: Timed out receiving message from renderer: 0.100
[1585576628.994][SEVERE]: Timed out receiving message from renderer: 0.100
[1585576629.099][SEVERE]: Timed out receiving message from renderer: 0.100
[1585576629.201][SEVERE]: Timed out receiving message from renderer: 0.100
[1585576629.305][SEVERE]: Timed out receiving message from renderer: 0.100
[1585576629.410][SEVERE]: Timed out receiving message from renderer: 0.100
[1585576629.515][SEVERE]: Timed out receiving message from renderer: 0.100
[1585576629.644][SEVERE]: Timed out receiving message from renderer: 0.100
[1585576629.900][SEVERE]: Timed out receiving message from renderer: 0.100
[1585576630.004][SEVERE]: Timed out receiving message from renderer: 0.100
[1585576630.117][SEVERE]: Timed out receiving message from renderer: 0.100
[1585576630.221][SEVERE]: Timed out receiving message from renderer: 0.100
[1585576630.338][SEVERE]: Timed out receiving message from renderer: 0.100
[1585576630.440][SEVERE]: Timed out receiving message from renderer: 0.100
[1585576630.548][SEVERE]: Timed out receiving message from renderer: 0.100
[1585576630.651][SEVERE]: Timed out receiving message from renderer: 0.100
[1585576630.755][SEVERE]: Timed out receiving message from renderer: 0.100
[1585576630.864][SEVERE]: Timed out receiving message from renderer: 0.100
[1585576630.967][SEVERE]: Timed out receiving message from renderer: 0.100
[1585576631.071][SEVERE]: Timed out receiving message from renderer: 0.100
[1585576631.176][SEVERE]: Timed out receiving message from renderer: 0.100
[1585576631.282][SEVERE]: Timed out receiving message from renderer: 0.100
[1585576631.389][SEVERE]: Timed out receiving message from renderer: 0.100
[1585576631.491][SEVERE]: Timed out receiving message from renderer: 0.100
[1585576631.596][SEVERE]: Timed out receiving message from renderer: 0.100
[1585576631.701][SEVERE]: Timed out receiving message from renderer: 0.100
[1585576631.804][SEVERE]: Timed out receiving message from renderer: 0.100
[1585576631.910][SEVERE]: Timed out receiving message from renderer: 0.100
[1585576632.012][SEVERE]: Timed out receiving message from renderer: 0.100
[1585576632.117][SEVERE]: Timed out receiving message from renderer: 0.100
[1585576632.229][SEVERE]: Timed out receiving message from renderer: 0.100
[1585576632.333][SEVERE]: Timed out receiving message from renderer: 0.100
[1585576632.443][SEVERE]: Timed out receiving message from renderer: 0.100
[1585576632.581][SEVERE]: Timed out receiving message from renderer: 0.100
[1585576632.708][SEVERE]: Timed out receiving message from renderer: 0.100
[1585576632.813][SEVERE]: Timed out receiving message from renderer: 0.100
[1585576633.030][SEVERE]: Timed out receiving message from renderer: 0.100
[1585576633.132][SEVERE]: Timed out receiving message from renderer: 0.100
[1585576633.237][SEVERE]: Timed out receiving message from renderer: 0.100
[1585576633.350][SEVERE]: Timed out receiving message from renderer: 0.100
[1585576633.462][SEVERE]: Timed out receiving message from renderer: 0.100
[1585576633.567][SEVERE]: Timed out receiving message from renderer: 0.100
[1585576633.671][SEVERE]: Timed out receiving message from renderer: 0.100
[1585576633.774][SEVERE]: Timed out receiving message from renderer: 0.100
[1585576633.879][SEVERE]: Timed out receiving message from renderer: 0.100
[1585576633.986][SEVERE]: Timed out receiving message from renderer: 0.100
[1585576634.090][SEVERE]: Timed out receiving message from renderer: 0.100
[1585576634.194][SEVERE]: Timed out receiving message from renderer: 0.100
[1585576634.299][SEVERE]: Timed out receiving message from renderer: 0.100
[1585576634.402][SEVERE]: Timed out receiving message from renderer: 0.100
[1585576634.506][SEVERE]: Timed out receiving message from renderer: 0.100
[1585576634.608][SEVERE]: Timed out receiving message from renderer: 0.100
[1585576634.711][SEVERE]: Timed out receiving message from renderer: 0.100
[1585576634.815][SEVERE]: Timed out receiving message from renderer: 0.100
[1585576634.922][SEVERE]: Timed out receiving message from renderer: 0.100
[1585576635.026][SEVERE]: Timed out receiving message from renderer: 0.100
[1585576635.130][SEVERE]: Timed out receiving message from renderer: 0.100
[1585576635.233][SEVERE]: Timed out receiving message from renderer: 0.100
[1585576635.336][SEVERE]: Timed out receiving message from renderer: 0.100
[1585576635.440][SEVERE]: Timed out receiving message from renderer: 0.100
[1585576635.543][SEVERE]: Timed out receiving message from renderer: 0.100
[1585576635.813][SEVERE]: Timed out receiving message from renderer: 0.100
[1585576635.928][SEVERE]: Timed out receiving message from renderer: 0.100
[1585576636.034][SEVERE]: Timed out receiving message from renderer: 0.100
[1585576636.140][SEVERE]: Timed out receiving message from renderer: 0.100
[1585576636.251][SEVERE]: Timed out receiving message from renderer: 0.100
[1585576636.354][SEVERE]: Timed out receiving message from renderer: 0.100
[1585576636.463][SEVERE]: Timed out receiving message from renderer: 0.100
[1585576636.572][SEVERE]: Timed out receiving message from renderer: 0.100
[1585576636.786][SEVERE]: Timed out receiving message from renderer: 0.100
[1585576636.890][SEVERE]: Timed out receiving message from renderer: 0.100
[1585576636.994][SEVERE]: Timed out receiving message from renderer: 0.100
[1585576637.099][SEVERE]: Timed out receiving message from renderer: 0.100
[1585576637.206][SEVERE]: Timed out receiving message from renderer: 0.100
[1585576637.310][SEVERE]: Timed out receiving message from renderer: 0.100
[1585576637.418][SEVERE]: Timed out receiving message from renderer: 0.100
[1585576637.615][SEVERE]: Timed out receiving message from renderer: 0.100
[1585576637.788][SEVERE]: Timed out receiving message from renderer: 0.100
[1585576637.971][SEVERE]: Timed out receiving message from renderer: 0.100
[1585576638.102][SEVERE]: Timed out receiving message from renderer: 0.100
[1585576638.208][SEVERE]: Timed out receiving message from renderer: 0.100
[1585576638.316][SEVERE]: Timed out receiving message from renderer: 0.100
[1585576638.421][SEVERE]: Timed out receiving message from renderer: 0.100
[1585576638.525][SEVERE]: Timed out receiving message from renderer: 0.100
[1585576638.634][SEVERE]: Timed out receiving message from renderer: 0.100
[1585576638.738][SEVERE]: Timed out receiving message from renderer: 0.100
[1585576638.850][SEVERE]: Timed out receiving message from renderer: 0.100
[1585576638.956][SEVERE]: Timed out receiving message from renderer: 0.100
[1585576639.089][SEVERE]: Timed out receiving message from renderer: 0.100
[1585576639.221][SEVERE]: Timed out receiving message from renderer: 0.100
[1585576639.327][SEVERE]: Timed out receiving message from renderer: 0.100
[1585576639.432][SEVERE]: Timed out receiving message from renderer: 0.100
[1585576639.555][SEVERE]: Timed out receiving message from renderer: 0.100
[1585576639.789][SEVERE]: Timed out receiving message from renderer: 0.100
[1585576639.897][SEVERE]: Timed out receiving message from renderer: 0.100
[1585576640.002][SEVERE]: Timed out receiving message from renderer: 0.100
[1585576640.109][SEVERE]: Timed out receiving message from renderer: 0.100
[1585576640.215][SEVERE]: Timed out receiving message from renderer: 0.100
[1585576640.391][SEVERE]: Timed out receiving message from renderer: 0.100
[1585576640.495][SEVERE]: Timed out receiving message from renderer: 0.100
[1585576640.600][SEVERE]: Timed out receiving message from renderer: 0.100
[1585576640.703][SEVERE]: Timed out receiving message from renderer: 0.100
[1585576640.807][SEVERE]: Timed out receiving message from renderer: 0.100
[1585576641.101][SEVERE]: Timed out receiving message from renderer: 0.100
[1585576641.340][SEVERE]: Timed out receiving message from renderer: 0.100
[1585576641.443][SEVERE]: Timed out receiving message from renderer: 0.100
[1585576641.547][SEVERE]: Timed out receiving message from renderer: 0.100
[1585576641.651][SEVERE]: Timed out receiving message from renderer: 0.100
[1585576641.755][SEVERE]: Timed out receiving message from renderer: 0.100
[1585576641.860][SEVERE]: Timed out receiving message from renderer: 0.100
[1585576641.970][SEVERE]: Timed out receiving message from renderer: 0.100
[1585576642.078][SEVERE]: Timed out receiving message from renderer: 0.100
[1585576642.185][SEVERE]: Timed out receiving message from renderer: 0.100
[1585576642.290][SEVERE]: Timed out receiving message from renderer: 0.100
[1585576642.399][SEVERE]: Timed out receiving message from renderer: 0.100
[1585576642.506][SEVERE]: Timed out receiving message from renderer: 0.100
[1585576642.613][SEVERE]: Timed out receiving message from renderer: 0.100
[1585576642.719][SEVERE]: Timed out receiving message from renderer: 0.100
[1585576642.822][SEVERE]: Timed out receiving message from renderer: 0.100
[1585576642.928][SEVERE]: Timed out receiving message from renderer: 0.100
[1585576643.034][SEVERE]: Timed out receiving message from renderer: 0.100
[1585576643.144][SEVERE]: Timed out receiving message from renderer: 0.100
[1585576643.251][SEVERE]: Timed out receiving message from renderer: 0.100
[1585576643.362][SEVERE]: Timed out receiving message from renderer: 0.100
[1585576643.475][SEVERE]: Timed out receiving message from renderer: 0.100
[1585576643.581][SEVERE]: Timed out receiving message from renderer: 0.100
[1585576643.688][SEVERE]: Timed out receiving message from renderer: 0.100
[1585576643.793][SEVERE]: Timed out receiving message from renderer: 0.100
[1585576643.896][SEVERE]: Timed out receiving message from renderer: 0.100
[1585576644.005][SEVERE]: Timed out receiving message from renderer: 0.100
[1585576644.109][SEVERE]: Timed out receiving message from renderer: 0.100
[1585576644.217][SEVERE]: Timed out receiving message from renderer: 0.100
[1585576644.321][SEVERE]: Timed out receiving message from renderer: 0.100
[1585576644.434][SEVERE]: Timed out receiving message from renderer: 0.100
[1585576644.536][SEVERE]: Timed out receiving message from renderer: 0.100
[1585576644.641][SEVERE]: Timed out receiving message from renderer: 0.100
[1585576644.750][SEVERE]: Timed out receiving message from renderer: 0.100
[1585576644.853][SEVERE]: Timed out receiving message from renderer: 0.100
[1585576644.956][SEVERE]: Timed out receiving message from renderer: 0.100
[1585576645.059][SEVERE]: Timed out receiving message from renderer: 0.100
[1585576645.161][SEVERE]: Timed out receiving message from renderer: 0.100
[1585576645.268][SEVERE]: Timed out receiving message from renderer: 0.100
[1585576645.374][SEVERE]: Timed out receiving message from renderer: 0.100
[1585576645.478][SEVERE]: Timed out receiving message from renderer: 0.100
[1585576645.586][SEVERE]: Timed out receiving message from renderer: 0.100
[1585576645.691][SEVERE]: Timed out receiving message from renderer: 0.100
[1585576645.796][SEVERE]: Timed out receiving message from renderer: 0.100
[1585576645.902][SEVERE]: Timed out receiving message from renderer: 0.100
[1585576646.014][SEVERE]: Timed out receiving message from renderer: 0.100
[1585576646.121][SEVERE]: Timed out receiving message from renderer: 0.100
[1585576646.227][SEVERE]: Timed out receiving message from renderer: 0.100
[1585576646.331][SEVERE]: Timed out receiving message from renderer: 0.100
[1585576646.442][SEVERE]: Timed out receiving message from renderer: 0.100
[1585576646.546][SEVERE]: Timed out receiving message from renderer: 0.100
[1585576646.649][SEVERE]: Timed out receiving message from renderer: 0.100
[1585576646.754][SEVERE]: Timed out receiving message from renderer: 0.100
[1585576646.859][SEVERE]: Timed out receiving message from renderer: 0.100
[1585576646.964][SEVERE]: Timed out receiving message from renderer: 0.100
[1585576647.076][SEVERE]: Timed out receiving message from renderer: 0.100
[1585576647.269][SEVERE]: Timed out receiving message from renderer: 0.100
[1585576647.376][SEVERE]: Timed out receiving message from renderer: 0.100
[1585576647.478][SEVERE]: Timed out receiving message from renderer: 0.100
[1585576647.586][SEVERE]: Timed out receiving message from renderer: 0.100
[1585576647.701][SEVERE]: Timed out receiving message from renderer: 0.100
[1585576647.804][SEVERE]: Timed out receiving message from renderer: 0.100
[1585576647.907][SEVERE]: Timed out receiving message from renderer: 0.100
[1585576648.013][SEVERE]: Timed out receiving message from renderer: 0.100
[1585576648.124][SEVERE]: Timed out receiving message from renderer: 0.100
[1585576648.226][SEVERE]: Timed out receiving message from renderer: 0.100
[1585576648.332][SEVERE]: Timed out receiving message from renderer: 0.100
[1585576648.442][SEVERE]: Timed out receiving message from renderer: 0.100
[1585576648.551][SEVERE]: Timed out receiving message from renderer: 0.100
[1585576648.657][SEVERE]: Timed out receiving message from renderer: 0.100
[1585576648.761][SEVERE]: Timed out receiving message from renderer: 0.100
[1585576648.868][SEVERE]: Timed out receiving message from renderer: 0.100
[1585576648.971][SEVERE]: Timed out receiving message from renderer: 0.100
[1585576649.077][SEVERE]: Timed out receiving message from renderer: 0.100
[1585576649.179][SEVERE]: Timed out receiving message from renderer: 0.100
[1585576649.282][SEVERE]: Timed out receiving message from renderer: 0.100
[1585576649.386][SEVERE]: Timed out receiving message from renderer: 0.100
[1585576649.494][SEVERE]: Timed out receiving message from renderer: 0.100
[1585576649.601][SEVERE]: Timed out receiving message from renderer: 0.100
[1585576649.712][SEVERE]: Timed out receiving message from renderer: 0.100
[1585576649.816][SEVERE]: Timed out receiving message from renderer: 0.100
[1585576649.922][SEVERE]: Timed out receiving message from renderer: 0.100
[1585576650.029][SEVERE]: Timed out receiving message from renderer: 0.100
[1585576650.139][SEVERE]: Timed out receiving message from renderer: 0.100
[1585576650.246][SEVERE]: Timed out receiving message from renderer: 0.100
[1585576650.360][SEVERE]: Timed out receiving message from renderer: 0.100
[1585576650.466][SEVERE]: Timed out receiving message from renderer: 0.100
[1585576650.579][SEVERE]: Timed out receiving message from renderer: 0.100
[1585576650.683][SEVERE]: Timed out receiving message from renderer: 0.100
[1585576650.793][SEVERE]: Timed out receiving message from renderer: 0.100
[1585576650.898][SEVERE]: Timed out receiving message from renderer: 0.100
[1585576651.006][SEVERE]: Timed out receiving message from renderer: 0.100
[1585576651.113][SEVERE]: Timed out receiving message from renderer: 0.100
[1585576651.224][SEVERE]: Timed out receiving message from renderer: 0.100
[1585576651.327][SEVERE]: Timed out receiving message from renderer: 0.100
[1585576651.433][SEVERE]: Timed out receiving message from renderer: 0.100
[1585576651.542][SEVERE]: Timed out receiving message from renderer: 0.100
[1585576651.646][SEVERE]: Timed out receiving message from renderer: 0.100
[1585576651.757][SEVERE]: Timed out receiving message from renderer: 0.100
[1585576651.863][SEVERE]: Timed out receiving message from renderer: 0.100
[1585576651.974][SEVERE]: Timed out receiving message from renderer: 0.100
[1585576652.078][SEVERE]: Timed out receiving message from renderer: 0.100
[1585576652.183][SEVERE]: Timed out receiving message from renderer: 0.100
[1585576652.291][SEVERE]: Timed out receiving message from renderer: 0.100
[1585576652.396][SEVERE]: Timed out receiving message from renderer: 0.100
[1585576652.506][SEVERE]: Timed out receiving message from renderer: 0.100
[1585576652.612][SEVERE]: Timed out receiving message from renderer: 0.100
[1585576652.720][SEVERE]: Timed out receiving message from renderer: 0.100
[1585576652.824][SEVERE]: Timed out receiving message from renderer: 0.100
[1585576652.930][SEVERE]: Timed out receiving message from renderer: 0.100
[1585576653.041][SEVERE]: Timed out receiving message from renderer: 0.100
[1585576653.147][SEVERE]: Timed out receiving message from renderer: 0.100
[1585576653.253][SEVERE]: Timed out receiving message from renderer: 0.100
[1585576653.359][SEVERE]: Timed out receiving message from renderer: 0.100
[1585576653.471][SEVERE]: Timed out receiving message from renderer: 0.100
[1585576653.580][SEVERE]: Timed out receiving message from renderer: 0.100
[1585576653.687][SEVERE]: Timed out receiving message from renderer: 0.100
[1585576653.792][SEVERE]: Timed out receiving message from renderer: 0.100
[1585576653.903][SEVERE]: Timed out receiving message from renderer: 0.100
[1585576654.010][SEVERE]: Timed out receiving message from renderer: 0.100
[1585576654.117][SEVERE]: Timed out receiving message from renderer: 0.100
[1585576654.219][SEVERE]: Timed out receiving message from renderer: 0.100
[1585576654.326][SEVERE]: Timed out receiving message from renderer: 0.100
[1585576654.429][SEVERE]: Timed out receiving message from renderer: 0.100
[1585576654.532][SEVERE]: Timed out receiving message from renderer: 0.100
[1585576654.640][SEVERE]: Timed out receiving message from renderer: 0.100
[1585576654.750][SEVERE]: Timed out receiving message from renderer: 0.100
[1585576654.854][SEVERE]: Timed out receiving message from renderer: 0.100
[1585576654.965][SEVERE]: Timed out receiving message from renderer: 0.100
[1585576655.070][SEVERE]: Timed out receiving message from renderer: 0.100
[1585576655.176][SEVERE]: Timed out receiving message from renderer: 0.100
[1585576655.282][SEVERE]: Timed out receiving message from renderer: 0.100
[1585576655.387][SEVERE]: Timed out receiving message from renderer: 0.100
[1585576655.495][SEVERE]: Timed out receiving message from renderer: 0.100
[1585576655.598][SEVERE]: Timed out receiving message from renderer: 0.100
[1585576655.708][SEVERE]: Timed out receiving message from renderer: 0.100
[1585576655.811][SEVERE]: Timed out receiving message from renderer: 0.100
[1585576655.919][SEVERE]: Timed out receiving message from renderer: 0.100
[1585576656.022][SEVERE]: Timed out receiving message from renderer: 0.100
[1585576656.133][SEVERE]: Timed out receiving message from renderer: 0.100
]]></system-err>
  </testcase>
  <testcase name="loginPageTest" classname="rediffTest.loginWithMultipleDataTest" time="163.377"/>
  <testcase name="loginPageTest" classname="rediffTest.loginWithMultipleDataTest" time="104.648"/>
</testsuite>