-------------------------------------------------------------------------------
Test set: TestSuite
-------------------------------------------------------------------------------
Tests run: 4, Failures: 1, Errors: 0, Skipped: 0, Time elapsed: 146.123 s <<< FAILURE! - in TestSuite
rediffTest.RediffNavbarTest.navbarTest  Time elapsed: 26.505 s  <<< FAILURE!
java.lang.AssertionError: expected [false] but found [true]
	at rediffTest.RediffNavbarTest.navbarTest(RediffNavbarTest.java:28)

