<?xml version="1.0" encoding="UTF-8"?>
<testng-results skipped="0" failed="1" ignored="0" total="4" passed="3">
  <reporter-output>
  </reporter-output>
  <suite name="Suite" duration-ms="139802" started-at="2020-04-17T19:47:40 IST" finished-at="2020-04-17T19:50:00 IST">
    <groups>
    </groups>
    <test name="Test" duration-ms="139802" started-at="2020-04-17T19:47:40 IST" finished-at="2020-04-17T19:50:00 IST">
      <class name="rediffTest.loginWithMultipleDataTest">
        <test-method status="PASS" signature="multipleLoginTest(java.lang.String, java.lang.String)[pri:0, instance:rediffTest.loginWithMultipleDataTest@3246fb96]" name="multipleLoginTest" duration-ms="30623" started-at="2020-04-17T19:48:23 IST" data-provider="userData" finished-at="2020-04-17T19:48:54 IST">
          <params>
            <param index="0">
              <value>
                <![CDATA[user1]]>
              </value>
            </param>
            <param index="1">
              <value>
                <![CDATA[pass1]]>
              </value>
            </param>
          </params>
          <reporter-output>
          </reporter-output>
        </test-method> <!-- multipleLoginTest -->
        <test-method status="PASS" signature="multipleLoginTest(java.lang.String, java.lang.String)[pri:0, instance:rediffTest.loginWithMultipleDataTest@3246fb96]" name="multipleLoginTest" duration-ms="36920" started-at="2020-04-17T19:48:54 IST" data-provider="userData" finished-at="2020-04-17T19:49:31 IST">
          <params>
            <param index="0">
              <value>
                <![CDATA[user2]]>
              </value>
            </param>
            <param index="1">
              <value>
                <![CDATA[pass2]]>
              </value>
            </param>
          </params>
          <reporter-output>
          </reporter-output>
        </test-method> <!-- multipleLoginTest -->
        <test-method status="PASS" signature="closeBrowser()[pri:0, instance:rediffTest.loginWithMultipleDataTest@3246fb96]" name="closeBrowser" is-config="true" duration-ms="1216" started-at="2020-04-17T19:49:31 IST" finished-at="2020-04-17T19:49:32 IST">
          <reporter-output>
          </reporter-output>
        </test-method> <!-- closeBrowser -->
      </class> <!-- rediffTest.loginWithMultipleDataTest -->
      <class name="rediffTest.RediffNavbarTest">
        <test-method status="FAIL" signature="navbarTest()[pri:0, instance:rediffTest.RediffNavbarTest@2e222612]" name="navbarTest" duration-ms="26476" started-at="2020-04-17T19:49:32 IST" finished-at="2020-04-17T19:49:58 IST">
          <exception class="java.lang.AssertionError">
            <message>
              <![CDATA[expected [false] but found [true]]]>
            </message>
            <full-stacktrace>
              <![CDATA[java.lang.AssertionError: expected [false] but found [true]
at org.testng.Assert.fail(Assert.java:97)
at org.testng.Assert.failNotEquals(Assert.java:969)
at org.testng.Assert.assertFalse(Assert.java:65)
at org.testng.Assert.assertFalse(Assert.java:75)
at rediffTest.RediffNavbarTest.navbarTest(RediffNavbarTest.java:28)
at sun.reflect.NativeMethodAccessorImpl.invoke0(Native Method)
at sun.reflect.NativeMethodAccessorImpl.invoke(NativeMethodAccessorImpl.java:62)
at sun.reflect.DelegatingMethodAccessorImpl.invoke(DelegatingMethodAccessorImpl.java:43)
at java.lang.reflect.Method.invoke(Method.java:498)
at org.testng.internal.MethodInvocationHelper.invokeMethod(MethodInvocationHelper.java:134)
at org.testng.internal.TestInvoker.invokeMethod(TestInvoker.java:597)
at org.testng.internal.TestInvoker.invokeTestMethod(TestInvoker.java:173)
at org.testng.internal.MethodRunner.runInSequence(MethodRunner.java:46)
at org.testng.internal.TestInvoker$MethodInvocationAgent.invoke(TestInvoker.java:816)
at org.testng.internal.TestInvoker.invokeTestMethods(TestInvoker.java:146)
at org.testng.internal.TestMethodWorker.invokeTestMethods(TestMethodWorker.java:146)
at org.testng.internal.TestMethodWorker.run(TestMethodWorker.java:128)
at java.util.ArrayList.forEach(ArrayList.java:1257)
at org.testng.TestRunner.privateRun(TestRunner.java:766)
at org.testng.TestRunner.run(TestRunner.java:587)
at org.testng.SuiteRunner.runTest(SuiteRunner.java:384)
at org.testng.SuiteRunner.runSequentially(SuiteRunner.java:378)
at org.testng.SuiteRunner.privateRun(SuiteRunner.java:337)
at org.testng.SuiteRunner.run(SuiteRunner.java:286)
at org.testng.SuiteRunnerWorker.runSuite(SuiteRunnerWorker.java:53)
at org.testng.SuiteRunnerWorker.run(SuiteRunnerWorker.java:96)
at org.testng.TestNG.runSuitesSequentially(TestNG.java:1187)
at org.testng.TestNG.runSuitesLocally(TestNG.java:1109)
at org.testng.TestNG.runSuites(TestNG.java:1039)
at org.testng.TestNG.run(TestNG.java:1007)
at org.apache.maven.surefire.testng.TestNGExecutor.run(TestNGExecutor.java:283)
at org.apache.maven.surefire.testng.TestNGXmlTestSuite.execute(TestNGXmlTestSuite.java:75)
at org.apache.maven.surefire.testng.TestNGProvider.invoke(TestNGProvider.java:120)
at org.apache.maven.surefire.booter.ForkedBooter.runSuitesInProcess(ForkedBooter.java:377)
at org.apache.maven.surefire.booter.ForkedBooter.execute(ForkedBooter.java:138)
at org.apache.maven.surefire.booter.ForkedBooter.run(ForkedBooter.java:465)
at org.apache.maven.surefire.booter.ForkedBooter.main(ForkedBooter.java:451)
]]>
            </full-stacktrace>
          </exception> <!-- java.lang.AssertionError -->
          <reporter-output>
          </reporter-output>
        </test-method> <!-- navbarTest -->
        <test-method status="PASS" signature="closeBrowser()[pri:0, instance:rediffTest.RediffNavbarTest@2e222612]" name="closeBrowser" is-config="true" duration-ms="1323" started-at="2020-04-17T19:49:58 IST" finished-at="2020-04-17T19:50:00 IST">
          <reporter-output>
          </reporter-output>
        </test-method> <!-- closeBrowser -->
      </class> <!-- rediffTest.RediffNavbarTest -->
      <class name="rediffTest.loginTest">
        <test-method status="PASS" signature="loginPageTest()[pri:0, instance:rediffTest.loginTest@77eca502]" name="loginPageTest" duration-ms="37952" started-at="2020-04-17T19:47:40 IST" finished-at="2020-04-17T19:48:18 IST">
          <reporter-output>
          </reporter-output>
        </test-method> <!-- loginPageTest -->
        <test-method status="PASS" signature="closeBrowser()[pri:0, instance:rediffTest.loginTest@77eca502]" name="closeBrowser" is-config="true" duration-ms="5079" started-at="2020-04-17T19:48:18 IST" finished-at="2020-04-17T19:48:23 IST">
          <reporter-output>
          </reporter-output>
        </test-method> <!-- closeBrowser -->
      </class> <!-- rediffTest.loginTest -->
    </test> <!-- Test -->
  </suite> <!-- Suite -->
</testng-results>
